Detecting C [-std=c11] compiler features failed to compile with the following output:
Change Dir: C:/Users/Sulav/CLionProjects/AutoCompleteSystem_LeetCode#642/cmake-build-debug/CMakeFiles/CMakeTmp

Run Build Command(s):C:/PROGRA~2/MINGW-~1/I686-8~1.0-P/mingw32/bin/mingw32-make.exe cmTC_17ba2/fast 
C:/PROGRA~2/MINGW-~1/I686-8~1.0-P/mingw32/bin/mingw32-make.exe -f CMakeFiles\cmTC_17ba2.dir\build.make CMakeFiles/cmTC_17ba2.dir/build
mingw32-make.exe[1]: Entering directory 'C:/Users/Sulav/CLionProjects/AutoCompleteSystem_LeetCode#642/cmake-build-debug/CMakeFiles/CMakeTmp'
mingw32-make.exe[1]: *** No rule to make target 'C:/Users/Sulav/CLionProjects/AutoCompleteSystem_LeetCode', needed by 'CMakeFiles/cmTC_17ba2.dir/feature_tests.c.obj'.  Stop.
mingw32-make.exe[1]: Leaving directory 'C:/Users/Sulav/CLionProjects/AutoCompleteSystem_LeetCode#642/cmake-build-debug/CMakeFiles/CMakeTmp'
mingw32-make.exe: *** [Makefile:120: cmTC_17ba2/fast] Error 2



Detecting CXX [-std=c++2a] compiler features failed to compile with the following output:
Change Dir: C:/Users/Sulav/CLionProjects/AutoCompleteSystem_LeetCode#642/cmake-build-debug/CMakeFiles/CMakeTmp

Run Build Command(s):C:/PROGRA~2/MINGW-~1/I686-8~1.0-P/mingw32/bin/mingw32-make.exe cmTC_6a8b9/fast 
C:/PROGRA~2/MINGW-~1/I686-8~1.0-P/mingw32/bin/mingw32-make.exe -f CMakeFiles\cmTC_6a8b9.dir\build.make CMakeFiles/cmTC_6a8b9.dir/build
mingw32-make.exe[1]: Entering directory 'C:/Users/Sulav/CLionProjects/AutoCompleteSystem_LeetCode#642/cmake-build-debug/CMakeFiles/CMakeTmp'
mingw32-make.exe[1]: *** No rule to make target 'C:/Users/Sulav/CLionProjects/AutoCompleteSystem_LeetCode', needed by 'CMakeFiles/cmTC_6a8b9.dir/feature_tests.cxx.obj'.  Stop.
mingw32-make.exe[1]: Leaving directory 'C:/Users/Sulav/CLionProjects/AutoCompleteSystem_LeetCode#642/cmake-build-debug/CMakeFiles/CMakeTmp'
mingw32-make.exe: *** [Makefile:120: cmTC_6a8b9/fast] Error 2



